# JRE version: Java(TM) SE Runtime Environment (7.0_67-b01) (build 1.7.0_67-b01)
# Java VM: Java HotSpot(TM) Client VM (24.65-b04 mixed mode windows-x86 )
Heap
 def new generation   total 57600K, used 29703K [0x04800000, 0x08670000, 0x0f2a0000)
  eden space 51264K,  52% used [0x04800000, 0x0621b270, 0x07a10000)
  from space 6336K,  46% used [0x08040000, 0x08326ab8, 0x08670000)
  to   space 6336K,   0% used [0x07a10000, 0x07a10000, 0x08040000)
 tenured generation   total 127712K, used 76625K [0x0f2a0000, 0x16f58000, 0x24800000)
   the space 127712K,  59% used [0x0f2a0000, 0x13d74500, 0x13d74600, 0x16f58000)
 compacting perm gen  total 28928K, used 28912K [0x24800000, 0x26440000, 0x28800000)
   the space 28928K,  99% used [0x24800000, 0x2643c018, 0x2643c200, 0x26440000)
GC Heap History (10 events):
Event: 19.035 GC heap before
{Heap before GC invocations=31 (full 5):
 def new generation   total 45312K, used 45312K [0x04800000, 0x07920000, 0x0f2a0000)
  eden space 40320K, 100% used [0x04800000, 0x06f60000, 0x06f60000)
  from space 4992K, 100% used [0x06f60000, 0x07440000, 0x07440000)
  to   space 4992K,   0% used [0x07440000, 0x07440000, 0x07920000)
 tenured generation   total 100432K, used 95052K [0x0f2a0000, 0x154b4000, 0x24800000)
   the space 100432K,  94% used [0x0f2a0000, 0x14f73330, 0x14f73400, 0x154b4000)
 compacting perm gen  total 20736K, used 20616K [0x24800000, 0x25c40000, 0x28800000)
   the space 20736K,  99% used [0x24800000, 0x25c22278, 0x25c22400, 0x25c40000)
No shared spaces configured.
Event: 19.068 GC heap after
Heap after GC invocations=32 (full 5):
 def new generation   total 45312K, used 4450K [0x04800000, 0x07920000, 0x0f2a0000)
  eden space 40320K,   0% used [0x04800000, 0x04800000, 0x06f60000)
  from space 4992K,  89% used [0x07440000, 0x07898ba8, 0x07920000)
  to   space 4992K,   0% used [0x06f60000, 0x06f60000, 0x07440000)
 tenured generation   total 100432K, used 100025K [0x0f2a0000, 0x154b4000, 0x24800000)
   the space 100432K,  99% used [0x0f2a0000, 0x1544e518, 0x1544e600, 0x154b4000)
 compacting perm gen  total 20736K, used 20616K [0x24800000, 0x25c40000, 0x28800000)
   the space 20736K,  99% used [0x24800000, 0x25c22278, 0x25c22400, 0x25c40000)
No shared spaces configured.
}
Event: 19.434 GC heap before
{Heap before GC invocations=32 (full 5):
 def new generation   total 45312K, used 16460K [0x04800000, 0x07920000, 0x0f2a0000)
  eden space 40320K,  29% used [0x04800000, 0x053ba728, 0x06f60000)
  from space 4992K,  89% used [0x07440000, 0x07898ba8, 0x07920000)
  to   space 4992K,   0% used [0x06f60000, 0x06f60000, 0x07440000)
 tenured generation   total 100432K, used 100025K [0x0f2a0000, 0x154b4000, 0x24800000)
   the space 100432K,  99% used [0x0f2a0000, 0x1544e518, 0x1544e600, 0x154b4000)
 compacting perm gen  total 20736K, used 20736K [0x24800000, 0x25c40000, 0x28800000)
   the space 20736K, 100% used [0x24800000, 0x25c40000, 0x25c40000, 0x25c40000)
No shared spaces configured.
Event: 19.727 GC heap after
Heap after GC invocations=33 (full 6):
 def new generation   total 54400K, used 0K [0x04800000, 0x08300000, 0x0f2a0000)
  eden space 48384K,   0% used [0x04800000, 0x04800000, 0x07740000)
  from space 6016K,   0% used [0x07740000, 0x07740000, 0x07d20000)
  to   space 6016K,   0% used [0x07d20000, 0x07d20000, 0x08300000)
 tenured generation   total 120720K, used 72430K [0x0f2a0000, 0x16884000, 0x24800000)
   the space 120720K,  59% used [0x0f2a0000, 0x1395bbb8, 0x1395bc00, 0x16884000)
 compacting perm gen  total 20736K, used 20736K [0x24800000, 0x25c40000, 0x28800000)
   the space 20736K, 100% used [0x24800000, 0x25c40000, 0x25c40000, 0x25c40000)
No shared spaces configured.
}
Event: 21.048 GC heap before
{Heap before GC invocations=33 (full 6):
 def new generation   total 54400K, used 48384K [0x04800000, 0x08300000, 0x0f2a0000)
  eden space 48384K, 100% used [0x04800000, 0x07740000, 0x07740000)
  from space 6016K,   0% used [0x07740000, 0x07740000, 0x07d20000)
  to   space 6016K,   0% used [0x07d20000, 0x07d20000, 0x08300000)
 tenured generation   total 120720K, used 72430K [0x0f2a0000, 0x16884000, 0x24800000)
   the space 120720K,  59% used [0x0f2a0000, 0x1395bbb8, 0x1395bc00, 0x16884000)
 compacting perm gen  total 22784K, used 22657K [0x24800000, 0x25e40000, 0x28800000)
   the space 22784K,  99% used [0x24800000, 0x25e20750, 0x25e20800, 0x25e40000)
No shared spaces configured.
Event: 21.058 GC heap after
Heap after GC invocations=34 (full 6):
 def new generation   total 54400K, used 3277K [0x04800000, 0x08300000, 0x0f2a0000)
  eden space 48384K,   0% used [0x04800000, 0x04800000, 0x07740000)
  from space 6016K,  54% used [0x07d20000, 0x08053618, 0x08300000)
  to   space 6016K,   0% used [0x07740000, 0x07740000, 0x07d20000)
 tenured generation   total 120720K, used 72430K [0x0f2a0000, 0x16884000, 0x24800000)
   the space 120720K,  59% used [0x0f2a0000, 0x1395bbb8, 0x1395bc00, 0x16884000)
 compacting perm gen  total 22784K, used 22657K [0x24800000, 0x25e40000, 0x28800000)
   the space 22784K,  99% used [0x24800000, 0x25e20750, 0x25e20800, 0x25e40000)
No shared spaces configured.
}
Event: 21.954 GC heap before
{Heap before GC invocations=34 (full 6):
 def new generation   total 54400K, used 38597K [0x04800000, 0x08300000, 0x0f2a0000)
  eden space 48384K,  72% used [0x04800000, 0x06a7e048, 0x07740000)
  from space 6016K,  54% used [0x07d20000, 0x08053618, 0x08300000)
  to   space 6016K,   0% used [0x07740000, 0x07740000, 0x07d20000)
 tenured generation   total 120720K, used 72430K [0x0f2a0000, 0x16884000, 0x24800000)
   the space 120720K,  59% used [0x0f2a0000, 0x1395bbb8, 0x1395bc00, 0x16884000)
 compacting perm gen  total 24832K, used 24831K [0x24800000, 0x26040000, 0x28800000)
   the space 24832K,  99% used [0x24800000, 0x2603ffc0, 0x26040000, 0x26040000)
No shared spaces configured.
Event: 22.229 GC heap after
Heap after GC invocations=35 (full 7):
 def new generation   total 57600K, used 0K [0x04800000, 0x08670000, 0x0f2a0000)
  eden space 51264K,   0% used [0x04800000, 0x04800000, 0x07a10000)
  from space 6336K,   0% used [0x07a10000, 0x07a10000, 0x08040000)
  to   space 6336K,   0% used [0x08040000, 0x08040000, 0x08670000)
 tenured generation   total 127712K, used 76625K [0x0f2a0000, 0x16f58000, 0x24800000)
   the space 127712K,  59% used [0x0f2a0000, 0x13d74500, 0x13d74600, 0x16f58000)
 compacting perm gen  total 24832K, used 24831K [0x24800000, 0x26040000, 0x28800000)
   the space 24832K,  99% used [0x24800000, 0x2603ffc0, 0x26040000, 0x26040000)
No shared spaces configured.
}
Event: 32.116 GC heap before
{Heap before GC invocations=35 (full 7):
 def new generation   total 57600K, used 51264K [0x04800000, 0x08670000, 0x0f2a0000)
  eden space 51264K, 100% used [0x04800000, 0x07a10000, 0x07a10000)
  from space 6336K,   0% used [0x07a10000, 0x07a10000, 0x08040000)
  to   space 6336K,   0% used [0x08040000, 0x08040000, 0x08670000)
 tenured generation   total 127712K, used 76625K [0x0f2a0000, 0x16f58000, 0x24800000)
   the space 127712K,  59% used [0x0f2a0000, 0x13d74500, 0x13d74600, 0x16f58000)
 compacting perm gen  total 27392K, used 27180K [0x24800000, 0x262c0000, 0x28800000)
   the space 27392K,  99% used [0x24800000, 0x2628b2d8, 0x2628b400, 0x262c0000)
No shared spaces configured.
Event: 32.129 GC heap after
Heap after GC invocations=36 (full 7):
 def new generation   total 57600K, used 2970K [0x04800000, 0x08670000, 0x0f2a0000)
  eden space 51264K,   0% used [0x04800000, 0x04800000, 0x07a10000)
  from space 6336K,  46% used [0x08040000, 0x08326ab8, 0x08670000)
  to   space 6336K,   0% used [0x07a10000, 0x07a10000, 0x08040000)
 tenured generation   total 127712K, used 76625K [0x0f2a0000, 0x16f58000, 0x24800000)
   the space 127712K,  59% used [0x0f2a0000, 0x13d74500, 0x13d74600, 0x16f58000)
 compacting perm gen  total 27392K, used 27180K [0x24800000, 0x262c0000, 0x28800000)
   the space 27392K,  99% used [0x24800000, 0x2628b2d8, 0x2628b400, 0x262c0000)
No shared spaces configured.
}

